<?xml version="1.0" encoding="UTF-8"?>
<testsuite xmlns:xsi="http://www.w3.org/2001/XMLSchema-instance" xsi:noNamespaceSchemaLocation="https://maven.apache.org/surefire/maven-surefire-plugin/xsd/surefire-test-report-3.0.xsd" version="3.0" name="com.example.ejb.BeneficioEjbServiceTest" time="0.873" tests="14" errors="0" skipped="0" failures="0">
  <properties>
[...]
</properties>
  <testcase name="deveLancarExcecaoQuandoIdsIguais" classname="com.example.ejb.BeneficioEjbServiceTest" time="0.782">
    <system-err><![CDATA[jan. 28, 2026 3:37:06 PM com.example.ejb.BeneficioEjbService transfer
INFO: Iniciando transferência: FROM=1, TO=1, AMOUNT=100
]]></system-err>
  </testcase>
  <testcase name="deveLancarExcecaoQuandoValorNulo" classname="com.example.ejb.BeneficioEjbServiceTest" time="0.005">
    <system-err><![CDATA[jan. 28, 2026 3:37:07 PM com.example.ejb.BeneficioEjbService transfer
INFO: Iniciando transferência: FROM=1, TO=2, AMOUNT=null
]]></system-err>
  </testcase>
  <testcase name="deveLancarExcecaoQuandoValorZero" classname="com.example.ejb.BeneficioEjbServiceTest" time="0.003">
    <system-err><![CDATA[jan. 28, 2026 3:37:07 PM com.example.ejb.BeneficioEjbService transfer
INFO: Iniciando transferência: FROM=1, TO=2, AMOUNT=0
]]></system-err>
  </testcase>
  <testcase name="deveLancarExcecaoQuandoSaldoInsuficiente" classname="com.example.ejb.BeneficioEjbServiceTest" time="0.013">
    <system-err><![CDATA[jan. 28, 2026 3:37:07 PM com.example.ejb.BeneficioEjbService transfer
INFO: Iniciando transferência: FROM=1, TO=2, AMOUNT=1.500
]]></system-err>
  </testcase>
  <testcase name="deveLancarExcecaoQuandoValorNegativo" classname="com.example.ejb.BeneficioEjbServiceTest" time="0.004">
    <system-err><![CDATA[jan. 28, 2026 3:37:07 PM com.example.ejb.BeneficioEjbService transfer
INFO: Iniciando transferência: FROM=1, TO=2, AMOUNT=-100
]]></system-err>
  </testcase>
  <testcase name="deveLancarExcecaoQuandoBeneficioOrigemInativo" classname="com.example.ejb.BeneficioEjbServiceTest" time="0.003">
    <system-err><![CDATA[jan. 28, 2026 3:37:07 PM com.example.ejb.BeneficioEjbService transfer
INFO: Iniciando transferência: FROM=1, TO=2, AMOUNT=100
]]></system-err>
  </testcase>
  <testcase name="deveLancarExcecaoQuandoIdDestinoNulo" classname="com.example.ejb.BeneficioEjbServiceTest" time="0.003">
    <system-err><![CDATA[jan. 28, 2026 3:37:07 PM com.example.ejb.BeneficioEjbService transfer
INFO: Iniciando transferência: FROM=1, TO=null, AMOUNT=100
]]></system-err>
  </testcase>
  <testcase name="deveRealizarTransferenciaComSucesso" classname="com.example.ejb.BeneficioEjbServiceTest" time="0.005">
    <system-err><![CDATA[jan. 28, 2026 3:37:07 PM com.example.ejb.BeneficioEjbService transfer
INFO: Iniciando transferência: FROM=1, TO=2, AMOUNT=300
jan. 28, 2026 3:37:07 PM com.example.ejb.BeneficioEjbService transfer
INFO: Transferência concluída com sucesso: FROM=1 (novo saldo: 700), TO=2 (novo saldo: 800)
]]></system-err>
  </testcase>
  <testcase name="deveLancarExcecaoQuandoBeneficioOrigemNaoExiste" classname="com.example.ejb.BeneficioEjbServiceTest" time="0.004">
    <system-err><![CDATA[jan. 28, 2026 3:37:07 PM com.example.ejb.BeneficioEjbService transfer
INFO: Iniciando transferência: FROM=1, TO=2, AMOUNT=100
]]></system-err>
  </testcase>
  <testcase name="deveTransferirTodoSaldoQuandoValorIgualAoSaldo" classname="com.example.ejb.BeneficioEjbServiceTest" time="0.004">
    <system-err><![CDATA[jan. 28, 2026 3:37:07 PM com.example.ejb.BeneficioEjbService transfer
INFO: Iniciando transferência: FROM=1, TO=2, AMOUNT=1.000
jan. 28, 2026 3:37:07 PM com.example.ejb.BeneficioEjbService transfer
INFO: Transferência concluída com sucesso: FROM=1 (novo saldo: 0), TO=2 (novo saldo: 1.500)
]]></system-err>
  </testcase>
  <testcase name="deveUsarPessimisticLocking" classname="com.example.ejb.BeneficioEjbServiceTest" time="0.004">
    <system-err><![CDATA[jan. 28, 2026 3:37:07 PM com.example.ejb.BeneficioEjbService transfer
INFO: Iniciando transferência: FROM=1, TO=2, AMOUNT=100
jan. 28, 2026 3:37:07 PM com.example.ejb.BeneficioEjbService transfer
INFO: Transferência concluída com sucesso: FROM=1 (novo saldo: 900), TO=2 (novo saldo: 600)
]]></system-err>
  </testcase>
  <testcase name="deveLancarExcecaoQuandoBeneficioDestinoInativo" classname="com.example.ejb.BeneficioEjbServiceTest" time="0.004">
    <system-err><![CDATA[jan. 28, 2026 3:37:07 PM com.example.ejb.BeneficioEjbService transfer
INFO: Iniciando transferência: FROM=1, TO=2, AMOUNT=100
]]></system-err>
  </testcase>
  <testcase name="deveLancarExcecaoQuandoBeneficioDestinoNaoExiste" classname="com.example.ejb.BeneficioEjbServiceTest" time="0.004">
    <system-err><![CDATA[jan. 28, 2026 3:37:07 PM com.example.ejb.BeneficioEjbService transfer
INFO: Iniciando transferência: FROM=1, TO=2, AMOUNT=100
]]></system-err>
  </testcase>
  <testcase name="deveLancarExcecaoQuandoIdOrigemNulo" classname="com.example.ejb.BeneficioEjbServiceTest" time="0.003">
    <system-err><![CDATA[jan. 28, 2026 3:37:07 PM com.example.ejb.BeneficioEjbService transfer
INFO: Iniciando transferência: FROM=null, TO=2, AMOUNT=100
]]></system-err>
  </testcase>
</testsuite>